生成启动时间为 2015/6/26 9:41:58。
     1>项目“E:\下载\bnaplatform-win64-cuda-20140905\BNAPlatform-win64-cuda-20140905\BNAPlatform-win64-cuda-20140625\src\Newman_Modularity_GPU\CUmodularity\CUmodularity.vcxproj”在节点 2 上(Rebuild 个目标)。
     1>_PrepareForClean:
         正在删除文件“x64\Release\Newman_modularity_GPU.lastbuildstate”。
       CudaClean:
         cmd.exe /C "C:\Users\Lerond\AppData\Local\Temp\tmp5d3f9c63308b4ca8acc55c51c50e4b35.cmd"
         "C:\Program Files\NVIDIA GPU Computing Toolkit\CUDA\v7.0\bin\nvcc.exe" -ccbin "E:\Program Files (x86)\Microsoft Visual Studio 11.0\VC\bin\x86_amd64"  -I..\..\common -I"C:\Program Files\NVIDIA GPU Computing Toolkit\CUDA\v7.0\include" -I"C:\Program Files\NVIDIA GPU Computing Toolkit\CUDA\v7.0\include"     --keep-dir x64\Release -maxrregcount=0  --machine 64 --compile      -DWIN64 -DNDEBUG -D_CONSOLE -D_USING_V110_SDK71_ -D_MBCS -Xcompiler "/EHsc /W3 /nologo /O2 /Zi  /MT  " -o x64\Release\modularity_GPU.cu.obj "E:\下载\bnaplatform-win64-cuda-20140905\BNAPlatform-win64-cuda-20140905\BNAPlatform-win64-cuda-20140625\src\Newman_Modularity_GPU\CUmodularity\modularity_GPU.cu" -clean
         
         E:\下载\bnaplatform-win64-cuda-20140905\BNAPlatform-win64-cuda-20140905\BNAPlatform-win64-cuda-20140625\src\Newman_Modularity_GPU\CUmodularity>"C:\Program Files\NVIDIA GPU Computing Toolkit\CUDA\v7.0\bin\nvcc.exe" -ccbin "E:\Program Files (x86)\Microsoft Visual Studio 11.0\VC\bin\x86_amd64"  -I..\..\common -I"C:\Program Files\NVIDIA GPU Computing Toolkit\CUDA\v7.0\include" -I"C:\Program Files\NVIDIA GPU Computing Toolkit\CUDA\v7.0\include"     --keep-dir x64\Release -maxrregcount=0  --machine 64 --compile      -DWIN64 -DNDEBUG -D_CONSOLE -D_USING_V110_SDK71_ -D_MBCS -Xcompiler "/EHsc /W3 /nologo /O2 /Zi  /MT  " -o x64\Release\modularity_GPU.cu.obj "E:\下载\bnaplatform-win64-cuda-20140905\BNAPlatform-win64-cuda-20140905\BNAPlatform-win64-cuda-20140625\src\Newman_Modularity_GPU\CUmodularity\modularity_GPU.cu" -clean 
         modularity_GPU.cu
         正在删除文件“x64\Release\modularity_GPU.cu.deps”。
     1>C:\Program Files (x86)\MSBuild\Microsoft.Cpp\v4.0\V110\Microsoft.CppBuild.targets(346,5): warning MSB8004: Output Directory does not end with a trailing slash.  This build instance will add the slash as it is required to allow proper evaluation of the Output Directory.
       InitializeBuildStatus:
         正在创建“x64\Release\Newman_modularity_GPU.unsuccessfulbuild”，因为已指定“AlwaysCreate”。
       AddCudaCompileDeps:
         E:\Program Files (x86)\Microsoft Visual Studio 11.0\VC\bin\x86_amd64\cl.exe /E /nologo /showIncludes /TP /D__CUDACC__ /DWIN64 /DNDEBUG /D_CONSOLE /D_USING_V110_SDK71_ /D_MBCS /I..\..\common /I"C:\Program Files\NVIDIA GPU Computing Toolkit\CUDA\v7.0\include" /I"C:\Program Files\NVIDIA GPU Computing Toolkit\CUDA\v7.0\bin" /I"C:\Program Files\NVIDIA GPU Computing Toolkit\CUDA\v7.0\include" /I. /FIcuda_runtime.h /c E:\下载\bnaplatform-win64-cuda-20140905\BNAPlatform-win64-cuda-20140905\BNAPlatform-win64-cuda-20140625\src\Newman_Modularity_GPU\CUmodularity\modularity_GPU.cu 
       CudaBuild:
         Compiling CUDA source file modularity_GPU.cu...
         cmd.exe /C "C:\Users\Lerond\AppData\Local\Temp\tmp8559594a9fe246b09e7ce961ef080ba9.cmd"
         "C:\Program Files\NVIDIA GPU Computing Toolkit\CUDA\v7.0\bin\nvcc.exe" -gencode=arch=compute_20,code=\"sm_20,compute_20\" --use-local-env --cl-version 2010 -ccbin "E:\Program Files (x86)\Microsoft Visual Studio 11.0\VC\bin\x86_amd64"  -I..\..\common -I"C:\Program Files\NVIDIA GPU Computing Toolkit\CUDA\v7.0\include" -I"C:\Program Files\NVIDIA GPU Computing Toolkit\CUDA\v7.0\include"     --keep-dir x64\Release -maxrregcount=0  --machine 64 --compile -cudart static     -DWIN64 -DNDEBUG -D_CONSOLE -D_USING_V110_SDK71_ -D_MBCS -Xcompiler "/EHsc /W3 /nologo /O2 /Zi  /MT  " -o x64\Release\modularity_GPU.cu.obj "E:\下载\bnaplatform-win64-cuda-20140905\BNAPlatform-win64-cuda-20140905\BNAPlatform-win64-cuda-20140625\src\Newman_Modularity_GPU\CUmodularity\modularity_GPU.cu"
         
         E:\下载\bnaplatform-win64-cuda-20140905\BNAPlatform-win64-cuda-20140905\BNAPlatform-win64-cuda-20140625\src\Newman_Modularity_GPU\CUmodularity>"C:\Program Files\NVIDIA GPU Computing Toolkit\CUDA\v7.0\bin\nvcc.exe" -gencode=arch=compute_20,code=\"sm_20,compute_20\" --use-local-env --cl-version 2010 -ccbin "E:\Program Files (x86)\Microsoft Visual Studio 11.0\VC\bin\x86_amd64"  -I..\..\common -I"C:\Program Files\NVIDIA GPU Computing Toolkit\CUDA\v7.0\include" -I"C:\Program Files\NVIDIA GPU Computing Toolkit\CUDA\v7.0\include"     --keep-dir x64\Release -maxrregcount=0  --machine 64 --compile -cudart static     -DWIN64 -DNDEBUG -D_CONSOLE -D_USING_V110_SDK71_ -D_MBCS -Xcompiler "/EHsc /W3 /nologo /O2 /Zi  /MT  " -o x64\Release\modularity_GPU.cu.obj "E:\下载\bnaplatform-win64-cuda-20140905\BNAPlatform-win64-cuda-20140905\BNAPlatform-win64-cuda-20140625\src\Newman_Modularity_GPU\CUmodularity\modularity_GPU.cu" 
     1>c:\program files\nvidia gpu computing toolkit\cuda\v7.0\include\math_functions.h : warning C4819: 该文件包含不能在当前代码页(936)中表示的字符。请将该文件保存为 Unicode 格式以防止数据丢失
     1>c:\program files\nvidia gpu computing toolkit\cuda\v7.0\include\math_functions.h(877): warning C4819: 该文件包含不能在当前代码页(936)中表示的字符。请将该文件保存为 Unicode 格式以防止数据丢失
     1>c:\program files\nvidia gpu computing toolkit\cuda\v7.0\include\math_functions.h(1850): warning C4819: 该文件包含不能在当前代码页(936)中表示的字符。请将该文件保存为 Unicode 格式以防止数据丢失
     1>c:\program files\nvidia gpu computing toolkit\cuda\v7.0\include\math_functions.h(2728): warning C4819: 该文件包含不能在当前代码页(936)中表示的字符。请将该文件保存为 Unicode 格式以防止数据丢失
     1>c:\program files\nvidia gpu computing toolkit\cuda\v7.0\include\math_functions.h(3651): warning C4819: 该文件包含不能在当前代码页(936)中表示的字符。请将该文件保存为 Unicode 格式以防止数据丢失
     1>c:\program files\nvidia gpu computing toolkit\cuda\v7.0\include\math_functions.h(4595): warning C4819: 该文件包含不能在当前代码页(936)中表示的字符。请将该文件保存为 Unicode 格式以防止数据丢失
     1>c:\program files\nvidia gpu computing toolkit\cuda\v7.0\include\math_functions.h(5521): warning C4819: 该文件包含不能在当前代码页(936)中表示的字符。请将该文件保存为 Unicode 格式以防止数据丢失
     1>c:\program files\nvidia gpu computing toolkit\cuda\v7.0\include\math_functions.h(6421): warning C4819: 该文件包含不能在当前代码页(936)中表示的字符。请将该文件保存为 Unicode 格式以防止数据丢失
     1>c:\program files\nvidia gpu computing toolkit\cuda\v7.0\include\math_functions.h(7314): warning C4819: 该文件包含不能在当前代码页(936)中表示的字符。请将该文件保存为 Unicode 格式以防止数据丢失
     1>c:\program files\nvidia gpu computing toolkit\cuda\v7.0\include\math_functions.h(8227): warning C4819: 该文件包含不能在当前代码页(936)中表示的字符。请将该文件保存为 Unicode 格式以防止数据丢失
     1>c:\program files\nvidia gpu computing toolkit\cuda\v7.0\include\device_functions.h : warning C4819: 该文件包含不能在当前代码页(936)中表示的字符。请将该文件保存为 Unicode 格式以防止数据丢失
     1>c:\program files\nvidia gpu computing toolkit\cuda\v7.0\include\device_functions.h(775): warning C4819: 该文件包含不能在当前代码页(936)中表示的字符。请将该文件保存为 Unicode 格式以防止数据丢失
     1>c:\program files\nvidia gpu computing toolkit\cuda\v7.0\include\device_functions.h(1632): warning C4819: 该文件包含不能在当前代码页(936)中表示的字符。请将该文件保存为 Unicode 格式以防止数据丢失
     1>c:\program files\nvidia gpu computing toolkit\cuda\v7.0\include\device_double_functions.h : warning C4819: 该文件包含不能在当前代码页(936)中表示的字符。请将该文件保存为 Unicode 格式以防止数据丢失
     1>C:\Program Files\NVIDIA GPU Computing Toolkit\CUDA\v7.0\include\device_functions.h : warning C4819: 该文件包含不能在当前代码页(936)中表示的字符。请将该文件保存为 Unicode 格式以防止数据丢失
     1>C:\Program Files\NVIDIA GPU Computing Toolkit\CUDA\v7.0\include\device_functions.h(775): warning C4819: 该文件包含不能在当前代码页(936)中表示的字符。请将该文件保存为 Unicode 格式以防止数据丢失
     1>C:\Program Files\NVIDIA GPU Computing Toolkit\CUDA\v7.0\include\device_functions.h(1632): warning C4819: 该文件包含不能在当前代码页(936)中表示的字符。请将该文件保存为 Unicode 格式以防止数据丢失
     1>C:\Program Files (x86)\Microsoft SDKs\Windows\v7.1A\include\winnt.h(12714): warning : attribute "align" ignored because no definition follows
         
     1>C:\Program Files (x86)\Microsoft SDKs\Windows\v7.1A\include\winnt.h(12961): warning : expression has no effect
         
     1>C:\Program Files (x86)\Microsoft SDKs\Windows\v7.1A\include\winnt.h(14904): warning : expression has no effect
         
     1>C:\Program Files (x86)\Microsoft SDKs\Windows\v7.1A\include\winuser.h(12253): warning : signed bit field of length 1
         
     1>C:\Program Files (x86)\Microsoft SDKs\Windows\v7.1A\include\winuser.h(12254): warning : signed bit field of length 1
         
     1>E:/下载/bnaplatform-win64-cuda-20140905/BNAPlatform-win64-cuda-20140905/BNAPlatform-win64-cuda-20140625/src/Newman_Modularity_GPU/CUmodularity/modularity_GPU.cu(226): warning : variable "j" was declared but never referenced
         
     1>E:/下载/bnaplatform-win64-cuda-20140905/BNAPlatform-win64-cuda-20140905/BNAPlatform-win64-cuda-20140625/src/Newman_Modularity_GPU/CUmodularity/modularity_GPU.cu(247): warning : variable "cudaStat" was declared but never referenced
         
     1>E:/下载/bnaplatform-win64-cuda-20140905/BNAPlatform-win64-cuda-20140905/BNAPlatform-win64-cuda-20140625/src/Newman_Modularity_GPU/CUmodularity/modularity_GPU.cu(260): warning : variable "temp2" was declared but never referenced
         
     1>E:/下载/bnaplatform-win64-cuda-20140905/BNAPlatform-win64-cuda-20140905/BNAPlatform-win64-cuda-20140625/src/Newman_Modularity_GPU/CUmodularity/modularity_GPU.cu(332): warning : variable "j" was declared but never referenced
         
     1>E:/下载/bnaplatform-win64-cuda-20140905/BNAPlatform-win64-cuda-20140905/BNAPlatform-win64-cuda-20140625/src/Newman_Modularity_GPU/CUmodularity/modularity_GPU.cu(333): warning : variable "temp1" was declared but never referenced
         
     1>E:/下载/bnaplatform-win64-cuda-20140905/BNAPlatform-win64-cuda-20140905/BNAPlatform-win64-cuda-20140625/src/Newman_Modularity_GPU/CUmodularity/modularity_GPU.cu(333): warning : variable "temp2" was declared but never referenced
         
     1>E:/下载/bnaplatform-win64-cuda-20140905/BNAPlatform-win64-cuda-20140905/BNAPlatform-win64-cuda-20140625/src/Newman_Modularity_GPU/CUmodularity/modularity_GPU.cu(550): warning : integer conversion resulted in a change of sign
         
     1>E:/下载/bnaplatform-win64-cuda-20140905/BNAPlatform-win64-cuda-20140905/BNAPlatform-win64-cuda-20140625/src/Newman_Modularity_GPU/CUmodularity/modularity_GPU.cu(566): warning : integer conversion resulted in a change of sign
         
     1>E:/下载/bnaplatform-win64-cuda-20140905/BNAPlatform-win64-cuda-20140905/BNAPlatform-win64-cuda-20140625/src/Newman_Modularity_GPU/CUmodularity/modularity_GPU.cu(28): warning : variable "ITERNUMBER" was declared but never referenced
         
     1>c:\program files\nvidia gpu computing toolkit\cuda\v7.0\include\math_functions.h : warning C4819: 该文件包含不能在当前代码页(936)中表示的字符。请将该文件保存为 Unicode 格式以防止数据丢失
     1>c:\program files\nvidia gpu computing toolkit\cuda\v7.0\include\math_functions.h(877): warning C4819: 该文件包含不能在当前代码页(936)中表示的字符。请将该文件保存为 Unicode 格式以防止数据丢失
     1>c:\program files\nvidia gpu computing toolkit\cuda\v7.0\include\math_functions.h(1850): warning C4819: 该文件包含不能在当前代码页(936)中表示的字符。请将该文件保存为 Unicode 格式以防止数据丢失
     1>c:\program files\nvidia gpu computing toolkit\cuda\v7.0\include\math_functions.h(2728): warning C4819: 该文件包含不能在当前代码页(936)中表示的字符。请将该文件保存为 Unicode 格式以防止数据丢失
     1>c:\program files\nvidia gpu computing toolkit\cuda\v7.0\include\math_functions.h(3651): warning C4819: 该文件包含不能在当前代码页(936)中表示的字符。请将该文件保存为 Unicode 格式以防止数据丢失
     1>c:\program files\nvidia gpu computing toolkit\cuda\v7.0\include\math_functions.h(4595): warning C4819: 该文件包含不能在当前代码页(936)中表示的字符。请将该文件保存为 Unicode 格式以防止数据丢失
     1>c:\program files\nvidia gpu computing toolkit\cuda\v7.0\include\math_functions.h(5521): warning C4819: 该文件包含不能在当前代码页(936)中表示的字符。请将该文件保存为 Unicode 格式以防止数据丢失
     1>c:\program files\nvidia gpu computing toolkit\cuda\v7.0\include\math_functions.h(6421): warning C4819: 该文件包含不能在当前代码页(936)中表示的字符。请将该文件保存为 Unicode 格式以防止数据丢失
     1>c:\program files\nvidia gpu computing toolkit\cuda\v7.0\include\math_functions.h(7314): warning C4819: 该文件包含不能在当前代码页(936)中表示的字符。请将该文件保存为 Unicode 格式以防止数据丢失
     1>c:\program files\nvidia gpu computing toolkit\cuda\v7.0\include\math_functions.h(8227): warning C4819: 该文件包含不能在当前代码页(936)中表示的字符。请将该文件保存为 Unicode 格式以防止数据丢失
     1>c:\program files\nvidia gpu computing toolkit\cuda\v7.0\include\math_functions.h : warning C4819: 该文件包含不能在当前代码页(936)中表示的字符。请将该文件保存为 Unicode 格式以防止数据丢失
     1>c:\program files\nvidia gpu computing toolkit\cuda\v7.0\include\math_functions.h(877): warning C4819: 该文件包含不能在当前代码页(936)中表示的字符。请将该文件保存为 Unicode 格式以防止数据丢失
     1>c:\program files\nvidia gpu computing toolkit\cuda\v7.0\include\math_functions.h(1850): warning C4819: 该文件包含不能在当前代码页(936)中表示的字符。请将该文件保存为 Unicode 格式以防止数据丢失
     1>c:\program files\nvidia gpu computing toolkit\cuda\v7.0\include\math_functions.h(2728): warning C4819: 该文件包含不能在当前代码页(936)中表示的字符。请将该文件保存为 Unicode 格式以防止数据丢失
     1>c:\program files\nvidia gpu computing toolkit\cuda\v7.0\include\math_functions.h(3651): warning C4819: 该文件包含不能在当前代码页(936)中表示的字符。请将该文件保存为 Unicode 格式以防止数据丢失
     1>c:\program files\nvidia gpu computing toolkit\cuda\v7.0\include\math_functions.h(4595): warning C4819: 该文件包含不能在当前代码页(936)中表示的字符。请将该文件保存为 Unicode 格式以防止数据丢失
     1>c:\program files\nvidia gpu computing toolkit\cuda\v7.0\include\math_functions.h(5521): warning C4819: 该文件包含不能在当前代码页(936)中表示的字符。请将该文件保存为 Unicode 格式以防止数据丢失
     1>c:\program files\nvidia gpu computing toolkit\cuda\v7.0\include\math_functions.h(6421): warning C4819: 该文件包含不能在当前代码页(936)中表示的字符。请将该文件保存为 Unicode 格式以防止数据丢失
     1>c:\program files\nvidia gpu computing toolkit\cuda\v7.0\include\math_functions.h(7314): warning C4819: 该文件包含不能在当前代码页(936)中表示的字符。请将该文件保存为 Unicode 格式以防止数据丢失
     1>c:\program files\nvidia gpu computing toolkit\cuda\v7.0\include\math_functions.h(8227): warning C4819: 该文件包含不能在当前代码页(936)中表示的字符。请将该文件保存为 Unicode 格式以防止数据丢失
     1>c:\program files\nvidia gpu computing toolkit\cuda\v7.0\include\device_functions_decls.h : warning C4819: 该文件包含不能在当前代码页(936)中表示的字符。请将该文件保存为 Unicode 格式以防止数据丢失
     1>c:\program files\nvidia gpu computing toolkit\cuda\v7.0\include\device_functions_decls.h(917): warning C4819: 该文件包含不能在当前代码页(936)中表示的字符。请将该文件保存为 Unicode 格式以防止数据丢失
     1>c:\program files\nvidia gpu computing toolkit\cuda\v7.0\include\device_functions_decls.h(1921): warning C4819: 该文件包含不能在当前代码页(936)中表示的字符。请将该文件保存为 Unicode 格式以防止数据丢失
     1>c:\program files\nvidia gpu computing toolkit\cuda\v7.0\include\device_functions_decls.h(2857): warning C4819: 该文件包含不能在当前代码页(936)中表示的字符。请将该文件保存为 Unicode 格式以防止数据丢失
     1>c:\program files\nvidia gpu computing toolkit\cuda\v7.0\include\device_functions_decls.h(3802): warning C4819: 该文件包含不能在当前代码页(936)中表示的字符。请将该文件保存为 Unicode 格式以防止数据丢失
     1>c:\program files\nvidia gpu computing toolkit\cuda\v7.0\include\device_functions_decls.h(4747): warning C4819: 该文件包含不能在当前代码页(936)中表示的字符。请将该文件保存为 Unicode 格式以防止数据丢失
     1>c:\program files\nvidia gpu computing toolkit\cuda\v7.0\include\device_functions_decls.h(5772): warning C4819: 该文件包含不能在当前代码页(936)中表示的字符。请将该文件保存为 Unicode 格式以防止数据丢失
     1>c:\program files\nvidia gpu computing toolkit\cuda\v7.0\include\device_functions_decls.h(6719): warning C4819: 该文件包含不能在当前代码页(936)中表示的字符。请将该文件保存为 Unicode 格式以防止数据丢失
     1>c:\program files\nvidia gpu computing toolkit\cuda\v7.0\include\device_functions_decls.h(7652): warning C4819: 该文件包含不能在当前代码页(936)中表示的字符。请将该文件保存为 Unicode 格式以防止数据丢失
     1>c:\program files\nvidia gpu computing toolkit\cuda\v7.0\include\device_functions_decls.h(8526): warning C4819: 该文件包含不能在当前代码页(936)中表示的字符。请将该文件保存为 Unicode 格式以防止数据丢失
     1>c:\program files\nvidia gpu computing toolkit\cuda\v7.0\include\device_functions_decls.h(9492): warning C4819: 该文件包含不能在当前代码页(936)中表示的字符。请将该文件保存为 Unicode 格式以防止数据丢失
     1>c:\program files\nvidia gpu computing toolkit\cuda\v7.0\include\device_functions_decls.h(10478): warning C4819: 该文件包含不能在当前代码页(936)中表示的字符。请将该文件保存为 Unicode 格式以防止数据丢失
     1>c:\program files\nvidia gpu computing toolkit\cuda\v7.0\include\device_functions.h : warning C4819: 该文件包含不能在当前代码页(936)中表示的字符。请将该文件保存为 Unicode 格式以防止数据丢失
     1>c:\program files\nvidia gpu computing toolkit\cuda\v7.0\include\device_functions.h(775): warning C4819: 该文件包含不能在当前代码页(936)中表示的字符。请将该文件保存为 Unicode 格式以防止数据丢失
     1>c:\program files\nvidia gpu computing toolkit\cuda\v7.0\include\device_functions.h(1632): warning C4819: 该文件包含不能在当前代码页(936)中表示的字符。请将该文件保存为 Unicode 格式以防止数据丢失
     1>c:\program files\nvidia gpu computing toolkit\cuda\v7.0\include\device_double_functions.h : warning C4819: 该文件包含不能在当前代码页(936)中表示的字符。请将该文件保存为 Unicode 格式以防止数据丢失
     1>c:\program files\nvidia gpu computing toolkit\cuda\v7.0\include\math_functions.h : warning C4819: 该文件包含不能在当前代码页(936)中表示的字符。请将该文件保存为 Unicode 格式以防止数据丢失
     1>c:\program files\nvidia gpu computing toolkit\cuda\v7.0\include\math_functions.h(877): warning C4819: 该文件包含不能在当前代码页(936)中表示的字符。请将该文件保存为 Unicode 格式以防止数据丢失
     1>c:\program files\nvidia gpu computing toolkit\cuda\v7.0\include\math_functions.h(1850): warning C4819: 该文件包含不能在当前代码页(936)中表示的字符。请将该文件保存为 Unicode 格式以防止数据丢失
     1>c:\program files\nvidia gpu computing toolkit\cuda\v7.0\include\math_functions.h(2728): warning C4819: 该文件包含不能在当前代码页(936)中表示的字符。请将该文件保存为 Unicode 格式以防止数据丢失
     1>c:\program files\nvidia gpu computing toolkit\cuda\v7.0\include\math_functions.h(3651): warning C4819: 该文件包含不能在当前代码页(936)中表示的字符。请将该文件保存为 Unicode 格式以防止数据丢失
     1>c:\program files\nvidia gpu computing toolkit\cuda\v7.0\include\math_functions.h(4595): warning C4819: 该文件包含不能在当前代码页(936)中表示的字符。请将该文件保存为 Unicode 格式以防止数据丢失
     1>c:\program files\nvidia gpu computing toolkit\cuda\v7.0\include\math_functions.h(5521): warning C4819: 该文件包含不能在当前代码页(936)中表示的字符。请将该文件保存为 Unicode 格式以防止数据丢失
     1>c:\program files\nvidia gpu computing toolkit\cuda\v7.0\include\math_functions.h(6421): warning C4819: 该文件包含不能在当前代码页(936)中表示的字符。请将该文件保存为 Unicode 格式以防止数据丢失
     1>c:\program files\nvidia gpu computing toolkit\cuda\v7.0\include\math_functions.h(7314): warning C4819: 该文件包含不能在当前代码页(936)中表示的字符。请将该文件保存为 Unicode 格式以防止数据丢失
     1>c:\program files\nvidia gpu computing toolkit\cuda\v7.0\include\math_functions.h(8227): warning C4819: 该文件包含不能在当前代码页(936)中表示的字符。请将该文件保存为 Unicode 格式以防止数据丢失
     1>c:\program files\nvidia gpu computing toolkit\cuda\v7.0\include\device_functions.h : warning C4819: 该文件包含不能在当前代码页(936)中表示的字符。请将该文件保存为 Unicode 格式以防止数据丢失
     1>c:\program files\nvidia gpu computing toolkit\cuda\v7.0\include\device_functions.h(775): warning C4819: 该文件包含不能在当前代码页(936)中表示的字符。请将该文件保存为 Unicode 格式以防止数据丢失
     1>c:\program files\nvidia gpu computing toolkit\cuda\v7.0\include\device_functions.h(1632): warning C4819: 该文件包含不能在当前代码页(936)中表示的字符。请将该文件保存为 Unicode 格式以防止数据丢失
     1>c:\program files\nvidia gpu computing toolkit\cuda\v7.0\include\device_double_functions.h : warning C4819: 该文件包含不能在当前代码页(936)中表示的字符。请将该文件保存为 Unicode 格式以防止数据丢失
     1>C:\Program Files\NVIDIA GPU Computing Toolkit\CUDA\v7.0\include\device_functions.h : warning C4819: 该文件包含不能在当前代码页(936)中表示的字符。请将该文件保存为 Unicode 格式以防止数据丢失
     1>C:\Program Files\NVIDIA GPU Computing Toolkit\CUDA\v7.0\include\device_functions.h(775): warning C4819: 该文件包含不能在当前代码页(936)中表示的字符。请将该文件保存为 Unicode 格式以防止数据丢失
     1>C:\Program Files\NVIDIA GPU Computing Toolkit\CUDA\v7.0\include\device_functions.h(1632): warning C4819: 该文件包含不能在当前代码页(936)中表示的字符。请将该文件保存为 Unicode 格式以防止数据丢失
     1>C:\Program Files (x86)\Microsoft SDKs\Windows\v7.1A\include\winnt.h(12714): warning : attribute "align" ignored because no definition follows
         
     1>C:\Program Files (x86)\Microsoft SDKs\Windows\v7.1A\include\winnt.h(12961): warning : expression has no effect
         
     1>C:\Program Files (x86)\Microsoft SDKs\Windows\v7.1A\include\winnt.h(14904): warning : expression has no effect
         
     1>C:\Program Files (x86)\Microsoft SDKs\Windows\v7.1A\include\winuser.h(12253): warning : signed bit field of length 1
         
     1>C:\Program Files (x86)\Microsoft SDKs\Windows\v7.1A\include\winuser.h(12254): warning : signed bit field of length 1
         
     1>E:/下载/bnaplatform-win64-cuda-20140905/BNAPlatform-win64-cuda-20140905/BNAPlatform-win64-cuda-20140625/src/Newman_Modularity_GPU/CUmodularity/modularity_GPU.cu(226): warning : variable "j" was declared but never referenced
         
     1>E:/下载/bnaplatform-win64-cuda-20140905/BNAPlatform-win64-cuda-20140905/BNAPlatform-win64-cuda-20140625/src/Newman_Modularity_GPU/CUmodularity/modularity_GPU.cu(247): warning : variable "cudaStat" was declared but never referenced
         
     1>E:/下载/bnaplatform-win64-cuda-20140905/BNAPlatform-win64-cuda-20140905/BNAPlatform-win64-cuda-20140625/src/Newman_Modularity_GPU/CUmodularity/modularity_GPU.cu(260): warning : variable "temp2" was declared but never referenced
         
     1>E:/下载/bnaplatform-win64-cuda-20140905/BNAPlatform-win64-cuda-20140905/BNAPlatform-win64-cuda-20140625/src/Newman_Modularity_GPU/CUmodularity/modularity_GPU.cu(332): warning : variable "j" was declared but never referenced
         
     1>E:/下载/bnaplatform-win64-cuda-20140905/BNAPlatform-win64-cuda-20140905/BNAPlatform-win64-cuda-20140625/src/Newman_Modularity_GPU/CUmodularity/modularity_GPU.cu(333): warning : variable "temp1" was declared but never referenced
         
     1>E:/下载/bnaplatform-win64-cuda-20140905/BNAPlatform-win64-cuda-20140905/BNAPlatform-win64-cuda-20140625/src/Newman_Modularity_GPU/CUmodularity/modularity_GPU.cu(333): warning : variable "temp2" was declared but never referenced
         
     1>E:/下载/bnaplatform-win64-cuda-20140905/BNAPlatform-win64-cuda-20140905/BNAPlatform-win64-cuda-20140625/src/Newman_Modularity_GPU/CUmodularity/modularity_GPU.cu(550): warning : integer conversion resulted in a change of sign
         
     1>E:/下载/bnaplatform-win64-cuda-20140905/BNAPlatform-win64-cuda-20140905/BNAPlatform-win64-cuda-20140625/src/Newman_Modularity_GPU/CUmodularity/modularity_GPU.cu(566): warning : integer conversion resulted in a change of sign
         
     1>E:/下载/bnaplatform-win64-cuda-20140905/BNAPlatform-win64-cuda-20140905/BNAPlatform-win64-cuda-20140625/src/Newman_Modularity_GPU/CUmodularity/modularity_GPU.cu(28): warning : variable "ITERNUMBER" was declared but never referenced
         
     1>c:\program files\nvidia gpu computing toolkit\cuda\v7.0\include\math_functions.h : warning C4819: 该文件包含不能在当前代码页(936)中表示的字符。请将该文件保存为 Unicode 格式以防止数据丢失
     1>c:\program files\nvidia gpu computing toolkit\cuda\v7.0\include\math_functions.h(877): warning C4819: 该文件包含不能在当前代码页(936)中表示的字符。请将该文件保存为 Unicode 格式以防止数据丢失
     1>c:\program files\nvidia gpu computing toolkit\cuda\v7.0\include\math_functions.h(1850): warning C4819: 该文件包含不能在当前代码页(936)中表示的字符。请将该文件保存为 Unicode 格式以防止数据丢失
     1>c:\program files\nvidia gpu computing toolkit\cuda\v7.0\include\math_functions.h(2728): warning C4819: 该文件包含不能在当前代码页(936)中表示的字符。请将该文件保存为 Unicode 格式以防止数据丢失
     1>c:\program files\nvidia gpu computing toolkit\cuda\v7.0\include\math_functions.h(3651): warning C4819: 该文件包含不能在当前代码页(936)中表示的字符。请将该文件保存为 Unicode 格式以防止数据丢失
     1>c:\program files\nvidia gpu computing toolkit\cuda\v7.0\include\math_functions.h(4595): warning C4819: 该文件包含不能在当前代码页(936)中表示的字符。请将该文件保存为 Unicode 格式以防止数据丢失
     1>c:\program files\nvidia gpu computing toolkit\cuda\v7.0\include\math_functions.h(5521): warning C4819: 该文件包含不能在当前代码页(936)中表示的字符。请将该文件保存为 Unicode 格式以防止数据丢失
     1>c:\program files\nvidia gpu computing toolkit\cuda\v7.0\include\math_functions.h(6421): warning C4819: 该文件包含不能在当前代码页(936)中表示的字符。请将该文件保存为 Unicode 格式以防止数据丢失
     1>c:\program files\nvidia gpu computing toolkit\cuda\v7.0\include\math_functions.h(7314): warning C4819: 该文件包含不能在当前代码页(936)中表示的字符。请将该文件保存为 Unicode 格式以防止数据丢失
     1>c:\program files\nvidia gpu computing toolkit\cuda\v7.0\include\math_functions.h(8227): warning C4819: 该文件包含不能在当前代码页(936)中表示的字符。请将该文件保存为 Unicode 格式以防止数据丢失
         modularity_GPU.cu
     1>E:/下载/bnaplatform-win64-cuda-20140905/BNAPlatform-win64-cuda-20140905/BNAPlatform-win64-cuda-20140625/src/Newman_Modularity_GPU/CUmodularity/modularity_GPU.cu(235): warning C4244: “参数”: 从“__int64”转换到“unsigned int”，可能丢失数据
     1>E:/下载/bnaplatform-win64-cuda-20140905/BNAPlatform-win64-cuda-20140905/BNAPlatform-win64-cuda-20140625/src/Newman_Modularity_GPU/CUmodularity/modularity_GPU.cu(269): warning C4244: “参数”: 从“__int64”转换到“unsigned int”，可能丢失数据
     1>E:/下载/bnaplatform-win64-cuda-20140905/BNAPlatform-win64-cuda-20140905/BNAPlatform-win64-cuda-20140625/src/Newman_Modularity_GPU/CUmodularity/modularity_GPU.cu(280): warning C4244: “参数”: 从“__int64”转换到“int”，可能丢失数据
     1>E:/下载/bnaplatform-win64-cuda-20140905/BNAPlatform-win64-cuda-20140905/BNAPlatform-win64-cuda-20140625/src/Newman_Modularity_GPU/CUmodularity/modularity_GPU.cu(301): warning C4244: “参数”: 从“__int64”转换到“int”，可能丢失数据
     1>E:/下载/bnaplatform-win64-cuda-20140905/BNAPlatform-win64-cuda-20140905/BNAPlatform-win64-cuda-20140625/src/Newman_Modularity_GPU/CUmodularity/modularity_GPU.cu(306): warning C4244: “参数”: 从“__int64”转换到“int”，可能丢失数据
     1>E:/下载/bnaplatform-win64-cuda-20140905/BNAPlatform-win64-cuda-20140905/BNAPlatform-win64-cuda-20140625/src/Newman_Modularity_GPU/CUmodularity/modularity_GPU.cu(308): warning C4244: “参数”: 从“__int64”转换到“int”，可能丢失数据
     1>E:/下载/bnaplatform-win64-cuda-20140905/BNAPlatform-win64-cuda-20140905/BNAPlatform-win64-cuda-20140625/src/Newman_Modularity_GPU/CUmodularity/modularity_GPU.cu(247): warning C4101: “cudaStat”: 未引用的局部变量
     1>E:/下载/bnaplatform-win64-cuda-20140905/BNAPlatform-win64-cuda-20140905/BNAPlatform-win64-cuda-20140625/src/Newman_Modularity_GPU/CUmodularity/modularity_GPU.cu(339): warning C4800: “cublasStatus_t”: 将值强制为布尔值“true”或“false”(性能警告)
     1>E:/下载/bnaplatform-win64-cuda-20140905/BNAPlatform-win64-cuda-20140905/BNAPlatform-win64-cuda-20140625/src/Newman_Modularity_GPU/CUmodularity/modularity_GPU.cu(333): warning C4101: “temp1”: 未引用的局部变量
     1>E:/下载/bnaplatform-win64-cuda-20140905/BNAPlatform-win64-cuda-20140905/BNAPlatform-win64-cuda-20140625/src/Newman_Modularity_GPU/CUmodularity/modularity_GPU.cu(333): warning C4101: “temp2”: 未引用的局部变量
     1>E:/下载/bnaplatform-win64-cuda-20140905/BNAPlatform-win64-cuda-20140905/BNAPlatform-win64-cuda-20140625/src/Newman_Modularity_GPU/CUmodularity/modularity_GPU.cu(483): warning C4244: “参数”: 从“__int64”转换到“int”，可能丢失数据
       ClCompile:
         E:\Program Files (x86)\Microsoft Visual Studio 11.0\VC\bin\x86_amd64\CL.exe /c /I..\..\common /I"C:\Program Files\NVIDIA GPU Computing Toolkit\CUDA\v7.0\include" /Zi /nologo /W3 /WX- /O2 /Oi /GL /D WIN64 /D NDEBUG /D _CONSOLE /D _USING_V110_SDK71_ /D _MBCS /Gm- /EHsc /MT /GS /Gy /fp:precise /Zc:wchar_t /Zc:forScope /Fo"x64\Release\\" /Fd"x64\Release\vc110.pdb" /Gd /TP /errorReport:prompt ..\..\Maslov\Maslov\Maslov.cpp Modularity_CPU.cpp Timer.cpp
         Maslov.cpp
     1>..\..\Maslov\Maslov\Maslov.cpp(20): warning C4244: “参数”: 从“time_t”转换到“unsigned int”，可能丢失数据
         Modularity_CPU.cpp
     1>Modularity_CPU.cpp(228): warning C4244: “参数”: 从“__int64”转换到“unsigned int”，可能丢失数据
         Timer.cpp
       Link:
         E:\Program Files (x86)\Microsoft Visual Studio 11.0\VC\bin\x86_amd64\link.exe /ERRORREPORT:PROMPT /OUT:"..\..\..\bin\Newman_modularity_GPU.exe" /NOLOGO /LIBPATH:"C:\Program Files\NVIDIA GPU Computing Toolkit\CUDA\v7.0\lib\x64" cublas.lib cudart.lib kernel32.lib user32.lib gdi32.lib winspool.lib comdlg32.lib advapi32.lib shell32.lib ole32.lib oleaut32.lib uuid.lib odbc32.lib odbccp32.lib kernel32.lib user32.lib gdi32.lib winspool.lib comdlg32.lib advapi32.lib shell32.lib ole32.lib oleaut32.lib uuid.lib odbc32.lib odbccp32.lib /MANIFEST /MANIFESTUAC:"level='asInvoker' uiAccess='false'" /manifest:embed /DEBUG /PDB:"..\..\..\bin\Newman_modularity_GPU.pdb" /SUBSYSTEM:CONSOLE,"5.02" /OPT:REF /OPT:ICF /LTCG /TLBID:1 /DYNAMICBASE /NXCOMPAT /IMPLIB:"..\..\..\bin\Newman_modularity_GPU.lib" /MACHINE:X64 x64\Release\modularity_GPU.cu.obj
         x64\Release\Maslov.obj
         x64\Release\Modularity_CPU.obj
         x64\Release\Timer.obj
         正在生成代码
         已完成代码的生成
         CUmodularity.vcxproj -> E:\下载\bnaplatform-win64-cuda-20140905\BNAPlatform-win64-cuda-20140905\BNAPlatform-win64-cuda-20140625\src\Newman_Modularity_GPU\CUmodularity\..\..\..\bin\Newman_modularity_GPU.exe
       PostBuildEvent:
         echo copy "C:\Program Files\NVIDIA GPU Computing Toolkit\CUDA\v7.0\bin\cudart*.dll" "..\..\..\bin\"
         copy "C:\Program Files\NVIDIA GPU Computing Toolkit\CUDA\v7.0\bin\cudart*.dll" "..\..\..\bin\"
         :VCEnd
         copy "C:\Program Files\NVIDIA GPU Computing Toolkit\CUDA\v7.0\bin\cudart*.dll" "..\..\..\bin\"
         C:\Program Files\NVIDIA GPU Computing Toolkit\CUDA\v7.0\bin\cudart32_70.dll
         C:\Program Files\NVIDIA GPU Computing Toolkit\CUDA\v7.0\bin\cudart64_70.dll
         已复制         2 个文件。
       FinalizeBuildStatus:
         正在删除文件“x64\Release\Newman_modularity_GPU.unsuccessfulbuild”。
         正在对“x64\Release\Newman_modularity_GPU.lastbuildstate”执行 Touch 任务。
     1>已完成生成项目“E:\下载\bnaplatform-win64-cuda-20140905\BNAPlatform-win64-cuda-20140905\BNAPlatform-win64-cuda-20140625\src\Newman_Modularity_GPU\CUmodularity\CUmodularity.vcxproj”(Rebuild 个目标)的操作。

生成成功。

已用时间 00:00:13.95
