E:\下载\BNAPLATFORM-WIN64-CUDA-20140905\BNAPLATFORM-WIN64-CUDA-20140905\BNAPLATFORM-WIN64-CUDA-20140625\SRC\NEWMAN_MODULARITY_GPU\CUMODULARITY\X64\RELEASE\TIMER.OBJ
E:\下载\BNAPLATFORM-WIN64-CUDA-20140905\BNAPLATFORM-WIN64-CUDA-20140905\BNAPLATFORM-WIN64-CUDA-20140625\SRC\NEWMAN_MODULARITY_GPU\CUMODULARITY\X64\RELEASE\MODULARITY_CPU.OBJ
E:\下载\BNAPLATFORM-WIN64-CUDA-20140905\BNAPLATFORM-WIN64-CUDA-20140905\BNAPLATFORM-WIN64-CUDA-20140625\SRC\NEWMAN_MODULARITY_GPU\CUMODULARITY\X64\RELEASE\MASLOV.OBJ
E:\下载\BNAPLATFORM-WIN64-CUDA-20140905\BNAPLATFORM-WIN64-CUDA-20140905\BNAPLATFORM-WIN64-CUDA-20140625\SRC\NEWMAN_MODULARITY_GPU\CUMODULARITY\X64\RELEASE\VC110.PDB
E:\下载\BNAPLATFORM-WIN64-CUDA-20140905\BNAPLATFORM-WIN64-CUDA-20140905\BNAPLATFORM-WIN64-CUDA-20140625\BIN\NEWMAN_MODULARITY_GPU.EXE
E:\下载\BNAPLATFORM-WIN64-CUDA-20140905\BNAPLATFORM-WIN64-CUDA-20140905\BNAPLATFORM-WIN64-CUDA-20140625\BIN\NEWMAN_MODULARITY_GPU.PDB
E:\下载\bnaplatform-win64-cuda-20140905\BNAPlatform-win64-cuda-20140905\BNAPlatform-win64-cuda-20140625\src\Newman_Modularity_GPU\CUmodularity\x64\Release\modularity_GPU.cu.cache
E:\下载\bnaplatform-win64-cuda-20140905\BNAPlatform-win64-cuda-20140905\BNAPlatform-win64-cuda-20140625\src\Newman_Modularity_GPU\CUmodularity\x64\Release\Maslov.obj
E:\下载\bnaplatform-win64-cuda-20140905\BNAPlatform-win64-cuda-20140905\BNAPlatform-win64-cuda-20140625\src\Newman_Modularity_GPU\CUmodularity\x64\Release\Modularity_CPU.obj
E:\下载\bnaplatform-win64-cuda-20140905\BNAPlatform-win64-cuda-20140905\BNAPlatform-win64-cuda-20140625\src\Newman_Modularity_GPU\CUmodularity\x64\Release\modularity_GPU.cu.obj
E:\下载\bnaplatform-win64-cuda-20140905\BNAPlatform-win64-cuda-20140905\BNAPlatform-win64-cuda-20140625\src\Newman_Modularity_GPU\CUmodularity\x64\Release\Timer.obj
E:\下载\bnaplatform-win64-cuda-20140905\BNAPlatform-win64-cuda-20140905\BNAPlatform-win64-cuda-20140625\src\Newman_Modularity_GPU\CUmodularity\x64\Release\cl.command.1.tlog
E:\下载\bnaplatform-win64-cuda-20140905\BNAPlatform-win64-cuda-20140905\BNAPlatform-win64-cuda-20140625\src\Newman_Modularity_GPU\CUmodularity\x64\Release\CL.read.1.tlog
E:\下载\bnaplatform-win64-cuda-20140905\BNAPlatform-win64-cuda-20140905\BNAPlatform-win64-cuda-20140625\src\Newman_Modularity_GPU\CUmodularity\x64\Release\CL.write.1.tlog
E:\下载\bnaplatform-win64-cuda-20140905\BNAPlatform-win64-cuda-20140905\BNAPlatform-win64-cuda-20140625\src\Newman_Modularity_GPU\CUmodularity\x64\Release\link-cvtres.read.1.tlog
E:\下载\bnaplatform-win64-cuda-20140905\BNAPlatform-win64-cuda-20140905\BNAPlatform-win64-cuda-20140625\src\Newman_Modularity_GPU\CUmodularity\x64\Release\link-cvtres.write.1.tlog
E:\下载\bnaplatform-win64-cuda-20140905\BNAPlatform-win64-cuda-20140905\BNAPlatform-win64-cuda-20140625\src\Newman_Modularity_GPU\CUmodularity\x64\Release\link-rc.read.1.tlog
E:\下载\bnaplatform-win64-cuda-20140905\BNAPlatform-win64-cuda-20140905\BNAPlatform-win64-cuda-20140625\src\Newman_Modularity_GPU\CUmodularity\x64\Release\link-rc.write.1.tlog
E:\下载\bnaplatform-win64-cuda-20140905\BNAPlatform-win64-cuda-20140905\BNAPlatform-win64-cuda-20140625\src\Newman_Modularity_GPU\CUmodularity\x64\Release\link.command.1.tlog
E:\下载\bnaplatform-win64-cuda-20140905\BNAPlatform-win64-cuda-20140905\BNAPlatform-win64-cuda-20140625\src\Newman_Modularity_GPU\CUmodularity\x64\Release\link.read.1.tlog
E:\下载\bnaplatform-win64-cuda-20140905\BNAPlatform-win64-cuda-20140905\BNAPlatform-win64-cuda-20140625\src\Newman_Modularity_GPU\CUmodularity\x64\Release\link.write.1.tlog
E:\下载\bnaplatform-win64-cuda-20140905\BNAPlatform-win64-cuda-20140905\BNAPlatform-win64-cuda-20140625\src\Newman_Modularity_GPU\CUmodularity\x64\Release\vc110.pdb
E:\下载\bnaplatform-win64-cuda-20140905\BNAPlatform-win64-cuda-20140905\BNAPlatform-win64-cuda-20140625\src\Newman_Modularity_GPU\CUmodularity\..\..\..\bin\Newman_modularity_GPU.exe
