生成启动时间为 2015/6/30 11:52:22。
     1>项目“E:\下载\bnaplatform-win64-cuda-20140905\BNAPlatform-weighted-network-win64-cuda-20140905\src\Maslov\Maslov\Maslov.vcxproj”在节点 2 上(Rebuild 个目标)。
     1>_PrepareForClean:
         正在删除文件“Debug\Maslov.lastbuildstate”。
       InitializeBuildStatus:
         正在对“Debug\Maslov.unsuccessfulbuild”执行 Touch 任务。
       ClCompile:
         E:\Program Files (x86)\Microsoft Visual Studio 11.0\VC\bin\CL.exe /c /ZI /nologo /W3 /WX- /Od /Oy- /D WIN32 /D _DEBUG /D _CONSOLE /D _USING_V110_SDK71_ /D _UNICODE /D UNICODE /Gm /EHsc /RTC1 /MD /GS /fp:precise /Zc:wchar_t /Zc:forScope /Fo"Debug\\" /Fd"Debug\vc110.pdb" /Gd /TP /analyze- /errorReport:prompt Maslov.cpp Maslov_main.cpp
         Maslov_main.cpp
     1>e:\下载\bnaplatform-win64-cuda-20140905\bnaplatform-weighted-network-win64-cuda-20140905\src\maslov\maslov\maslov_main.cpp(29): warning C4996: 'strcpy': This function or variable may be unsafe. Consider using strcpy_s instead. To disable deprecation, use _CRT_SECURE_NO_WARNINGS. See online help for details.
                 e:\program files (x86)\microsoft visual studio 11.0\vc\include\string.h(110) : 参见“strcpy”的声明
     1>e:\下载\bnaplatform-win64-cuda-20140905\bnaplatform-weighted-network-win64-cuda-20140905\src\maslov\maslov\maslov_main.cpp(30): warning C4996: 'strcpy': This function or variable may be unsafe. Consider using strcpy_s instead. To disable deprecation, use _CRT_SECURE_NO_WARNINGS. See online help for details.
                 e:\program files (x86)\microsoft visual studio 11.0\vc\include\string.h(110) : 参见“strcpy”的声明
         Maslov.cpp
     1>e:\下载\bnaplatform-win64-cuda-20140905\bnaplatform-weighted-network-win64-cuda-20140905\src\maslov\maslov\maslov.cpp(18): warning C4244: “参数”: 从“time_t”转换到“unsigned int”，可能丢失数据
     1>e:\下载\bnaplatform-win64-cuda-20140905\bnaplatform-weighted-network-win64-cuda-20140905\src\maslov\maslov\maslov.cpp(62): warning C4244: “参数”: 从“time_t”转换到“unsigned int”，可能丢失数据
         正在生成代码...
       Link:
         E:\Program Files (x86)\Microsoft Visual Studio 11.0\VC\bin\link.exe /ERRORREPORT:PROMPT /OUT:"E:\下载\bnaplatform-win64-cuda-20140905\BNAPlatform-weighted-network-win64-cuda-20140905\src\Maslov\Debug\Maslov.exe" /INCREMENTAL /NOLOGO kernel32.lib user32.lib gdi32.lib winspool.lib comdlg32.lib advapi32.lib shell32.lib ole32.lib oleaut32.lib uuid.lib odbc32.lib odbccp32.lib /MANIFEST /MANIFESTUAC:"level='asInvoker' uiAccess='false'" /manifest:embed /DEBUG /PDB:"E:\下载\bnaplatform-win64-cuda-20140905\BNAPlatform-weighted-network-win64-cuda-20140905\src\Maslov\Debug\Maslov.pdb" /SUBSYSTEM:CONSOLE,"5.01" /TLBID:1 /DYNAMICBASE /NXCOMPAT /IMPLIB:"E:\下载\bnaplatform-win64-cuda-20140905\BNAPlatform-weighted-network-win64-cuda-20140905\src\Maslov\Debug\Maslov.lib" /MACHINE:X86 Debug\Maslov.obj
         Debug\Maslov_main.obj
     1>Maslov_main.obj : error LNK2019: 无法解析的外部符号 __imp___CrtDbgReportW，该符号在函数 "public: char const & __thiscall std::_String_const_iterator<class std::_String_val<struct std::_Simple_types<char> > >::operator*(void)const " (??D?$_String_const_iterator@V?$_String_val@U?$_Simple_types@D@std@@@std@@@std@@QBEABDXZ) 中被引用
     1>E:\下载\bnaplatform-win64-cuda-20140905\BNAPlatform-weighted-network-win64-cuda-20140905\src\Maslov\Debug\Maslov.exe : fatal error LNK1120: 1 个无法解析的外部命令
     1>已完成生成项目“E:\下载\bnaplatform-win64-cuda-20140905\BNAPlatform-weighted-network-win64-cuda-20140905\src\Maslov\Maslov\Maslov.vcxproj”(Rebuild 个目标)的操作 - 失败。

生成失败。

已用时间 00:00:00.84
