E:\下载\BNAPLATFORM-WIN64-CUDA-20140905\BNAPLATFORM-WIN64-CUDA-20140905\BNAPLATFORM-WIN64-CUDA-20140625\SRC\LP\CUBFW_LP\CUBFW_LP\X64\RELEASE\MYTIMER.OBJ
E:\下载\BNAPLATFORM-WIN64-CUDA-20140905\BNAPLATFORM-WIN64-CUDA-20140905\BNAPLATFORM-WIN64-CUDA-20140625\SRC\LP\CUBFW_LP\CUBFW_LP\X64\RELEASE\FORMBLOCK.OBJ
E:\下载\BNAPLATFORM-WIN64-CUDA-20140905\BNAPLATFORM-WIN64-CUDA-20140905\BNAPLATFORM-WIN64-CUDA-20140625\SRC\LP\CUBFW_LP\CUBFW_LP\X64\RELEASE\CUBFW_LP_MAIN.OBJ
E:\下载\BNAPLATFORM-WIN64-CUDA-20140905\BNAPLATFORM-WIN64-CUDA-20140905\BNAPLATFORM-WIN64-CUDA-20140625\SRC\LP\CUBFW_LP\CUBFW_LP\X64\RELEASE\CUBFW_LP.OBJ
E:\下载\BNAPLATFORM-WIN64-CUDA-20140905\BNAPLATFORM-WIN64-CUDA-20140905\BNAPLATFORM-WIN64-CUDA-20140625\SRC\LP\CUBFW_LP\CUBFW_LP\X64\RELEASE\CUBFW.OBJ
E:\下载\BNAPLATFORM-WIN64-CUDA-20140905\BNAPLATFORM-WIN64-CUDA-20140905\BNAPLATFORM-WIN64-CUDA-20140625\SRC\LP\CUBFW_LP\CUBFW_LP\X64\RELEASE\BFW.OBJ
E:\下载\BNAPLATFORM-WIN64-CUDA-20140905\BNAPLATFORM-WIN64-CUDA-20140905\BNAPLATFORM-WIN64-CUDA-20140625\SRC\LP\CUBFW_LP\CUBFW_LP\X64\RELEASE\APSP_BFS.OBJ
E:\下载\BNAPLATFORM-WIN64-CUDA-20140905\BNAPLATFORM-WIN64-CUDA-20140905\BNAPLATFORM-WIN64-CUDA-20140625\SRC\LP\CUBFW_LP\CUBFW_LP\X64\RELEASE\MASLOV.OBJ
E:\下载\BNAPLATFORM-WIN64-CUDA-20140905\BNAPLATFORM-WIN64-CUDA-20140905\BNAPLATFORM-WIN64-CUDA-20140625\SRC\LP\CUBFW_LP\CUBFW_LP\X64\RELEASE\TIMER.OBJ
E:\下载\BNAPLATFORM-WIN64-CUDA-20140905\BNAPLATFORM-WIN64-CUDA-20140905\BNAPLATFORM-WIN64-CUDA-20140625\SRC\LP\CUBFW_LP\CUBFW_LP\X64\RELEASE\VC110.PDB
E:\下载\BNAPLATFORM-WIN64-CUDA-20140905\BNAPLATFORM-WIN64-CUDA-20140905\BNAPLATFORM-WIN64-CUDA-20140625\BIN\CUBFW_LP.EXE
E:\下载\BNAPLATFORM-WIN64-CUDA-20140905\BNAPLATFORM-WIN64-CUDA-20140905\BNAPLATFORM-WIN64-CUDA-20140625\BIN\CUBFW_LP.PDB
E:\下载\bnaplatform-win64-cuda-20140905\BNAPlatform-win64-cuda-20140905\BNAPlatform-win64-cuda-20140625\src\Lp\CUBFW_Lp\CUBFW_Lp\x64\Release\CUBFW_ph1.cu.cache
E:\下载\bnaplatform-win64-cuda-20140905\BNAPlatform-win64-cuda-20140905\BNAPlatform-win64-cuda-20140625\src\Lp\CUBFW_Lp\CUBFW_Lp\x64\Release\CUBFW_ph2.cu.cache
E:\下载\bnaplatform-win64-cuda-20140905\BNAPlatform-win64-cuda-20140905\BNAPlatform-win64-cuda-20140625\src\Lp\CUBFW_Lp\CUBFW_Lp\x64\Release\CUBFW_ph3.cu.cache
E:\下载\bnaplatform-win64-cuda-20140905\BNAPlatform-win64-cuda-20140905\BNAPlatform-win64-cuda-20140625\src\Lp\CUBFW_Lp\CUBFW_Lp\x64\Release\cuTranspose.cu.cache
E:\下载\bnaplatform-win64-cuda-20140905\BNAPlatform-win64-cuda-20140905\BNAPlatform-win64-cuda-20140625\src\Lp\CUBFW_Lp\CUBFW_Lp\x64\Release\CUBFW_ph1.cu.obj
E:\下载\bnaplatform-win64-cuda-20140905\BNAPlatform-win64-cuda-20140905\BNAPlatform-win64-cuda-20140625\src\Lp\CUBFW_Lp\CUBFW_Lp\x64\Release\CUBFW_ph2.cu.obj
E:\下载\bnaplatform-win64-cuda-20140905\BNAPlatform-win64-cuda-20140905\BNAPlatform-win64-cuda-20140625\src\Lp\CUBFW_Lp\CUBFW_Lp\x64\Release\CUBFW_ph3.cu.obj
E:\下载\bnaplatform-win64-cuda-20140905\BNAPlatform-win64-cuda-20140905\BNAPlatform-win64-cuda-20140625\src\Lp\CUBFW_Lp\CUBFW_Lp\x64\Release\cuTranspose.cu.obj
E:\下载\bnaplatform-win64-cuda-20140905\BNAPlatform-win64-cuda-20140905\BNAPlatform-win64-cuda-20140625\src\Lp\CUBFW_Lp\CUBFW_Lp\x64\Release\cl.command.1.tlog
E:\下载\bnaplatform-win64-cuda-20140905\BNAPlatform-win64-cuda-20140905\BNAPlatform-win64-cuda-20140625\src\Lp\CUBFW_Lp\CUBFW_Lp\x64\Release\CL.read.1.tlog
E:\下载\bnaplatform-win64-cuda-20140905\BNAPlatform-win64-cuda-20140905\BNAPlatform-win64-cuda-20140625\src\Lp\CUBFW_Lp\CUBFW_Lp\x64\Release\CL.write.1.tlog
E:\下载\bnaplatform-win64-cuda-20140905\BNAPlatform-win64-cuda-20140905\BNAPlatform-win64-cuda-20140625\src\Lp\CUBFW_Lp\CUBFW_Lp\x64\Release\link-cvtres.read.1.tlog
E:\下载\bnaplatform-win64-cuda-20140905\BNAPlatform-win64-cuda-20140905\BNAPlatform-win64-cuda-20140625\src\Lp\CUBFW_Lp\CUBFW_Lp\x64\Release\link-cvtres.write.1.tlog
E:\下载\bnaplatform-win64-cuda-20140905\BNAPlatform-win64-cuda-20140905\BNAPlatform-win64-cuda-20140625\src\Lp\CUBFW_Lp\CUBFW_Lp\x64\Release\link-rc.read.1.tlog
E:\下载\bnaplatform-win64-cuda-20140905\BNAPlatform-win64-cuda-20140905\BNAPlatform-win64-cuda-20140625\src\Lp\CUBFW_Lp\CUBFW_Lp\x64\Release\link-rc.write.1.tlog
E:\下载\bnaplatform-win64-cuda-20140905\BNAPlatform-win64-cuda-20140905\BNAPlatform-win64-cuda-20140625\src\Lp\CUBFW_Lp\CUBFW_Lp\x64\Release\link.command.1.tlog
E:\下载\bnaplatform-win64-cuda-20140905\BNAPlatform-win64-cuda-20140905\BNAPlatform-win64-cuda-20140625\src\Lp\CUBFW_Lp\CUBFW_Lp\x64\Release\link.read.1.tlog
E:\下载\bnaplatform-win64-cuda-20140905\BNAPlatform-win64-cuda-20140905\BNAPlatform-win64-cuda-20140625\src\Lp\CUBFW_Lp\CUBFW_Lp\x64\Release\link.write.1.tlog
