E:\下载\BNAPLATFORM-WIN64-CUDA-20140905\BNAPLATFORM-WIN64-CUDA-20140905\BNAPLATFORM-WIN64-CUDA-20140625\SRC\BC\CUBC\CUBC\X64\RELEASE\CUBC_MAIN.OBJ
E:\下载\BNAPLATFORM-WIN64-CUDA-20140905\BNAPLATFORM-WIN64-CUDA-20140905\BNAPLATFORM-WIN64-CUDA-20140625\SRC\BC\CUBC\CUBC\X64\RELEASE\CUBC.OBJ
E:\下载\BNAPLATFORM-WIN64-CUDA-20140905\BNAPLATFORM-WIN64-CUDA-20140905\BNAPLATFORM-WIN64-CUDA-20140625\SRC\BC\CUBC\CUBC\X64\RELEASE\VC110.PDB
E:\下载\BNAPLATFORM-WIN64-CUDA-20140905\BNAPLATFORM-WIN64-CUDA-20140905\BNAPLATFORM-WIN64-CUDA-20140625\BIN\CUBC.EXE
E:\下载\BNAPLATFORM-WIN64-CUDA-20140905\BNAPLATFORM-WIN64-CUDA-20140905\BNAPLATFORM-WIN64-CUDA-20140625\BIN\CUBC.PDB
E:\下载\bnaplatform-win64-cuda-20140905\BNAPlatform-win64-cuda-20140905\BNAPlatform-win64-cuda-20140625\src\BC\CUBC\CUBC\x64\Release\BC_GPU_edge_array.cu.cache
E:\下载\bnaplatform-win64-cuda-20140905\BNAPlatform-win64-cuda-20140905\BNAPlatform-win64-cuda-20140625\src\BC\CUBC\CUBC\x64\Release\BC_GPU_edge_pred.cu.cache
E:\下载\bnaplatform-win64-cuda-20140905\BNAPlatform-win64-cuda-20140905\BNAPlatform-win64-cuda-20140625\src\BC\CUBC\CUBC\x64\Release\BC_GPU_edge_succ.cu.cache
E:\下载\bnaplatform-win64-cuda-20140905\BNAPlatform-win64-cuda-20140905\BNAPlatform-win64-cuda-20140625\src\BC\CUBC\CUBC\x64\Release\BC_GPU_node_array.cu.cache
E:\下载\bnaplatform-win64-cuda-20140905\BNAPlatform-win64-cuda-20140905\BNAPlatform-win64-cuda-20140625\src\BC\CUBC\CUBC\x64\Release\BC_GPU_node_pred.cu.cache
E:\下载\bnaplatform-win64-cuda-20140905\BNAPlatform-win64-cuda-20140905\BNAPlatform-win64-cuda-20140625\src\BC\CUBC\CUBC\x64\Release\BC_GPU_node_succ.cu.cache
E:\下载\bnaplatform-win64-cuda-20140905\BNAPlatform-win64-cuda-20140905\BNAPlatform-win64-cuda-20140625\src\BC\CUBC\CUBC\x64\Release\BC_GPU_edge_array.cu.obj
E:\下载\bnaplatform-win64-cuda-20140905\BNAPlatform-win64-cuda-20140905\BNAPlatform-win64-cuda-20140625\src\BC\CUBC\CUBC\x64\Release\BC_GPU_edge_pred.cu.obj
E:\下载\bnaplatform-win64-cuda-20140905\BNAPlatform-win64-cuda-20140905\BNAPlatform-win64-cuda-20140625\src\BC\CUBC\CUBC\x64\Release\BC_GPU_edge_succ.cu.obj
E:\下载\bnaplatform-win64-cuda-20140905\BNAPlatform-win64-cuda-20140905\BNAPlatform-win64-cuda-20140625\src\BC\CUBC\CUBC\x64\Release\BC_GPU_node_array.cu.obj
E:\下载\bnaplatform-win64-cuda-20140905\BNAPlatform-win64-cuda-20140905\BNAPlatform-win64-cuda-20140625\src\BC\CUBC\CUBC\x64\Release\BC_GPU_node_pred.cu.obj
E:\下载\bnaplatform-win64-cuda-20140905\BNAPlatform-win64-cuda-20140905\BNAPlatform-win64-cuda-20140625\src\BC\CUBC\CUBC\x64\Release\BC_GPU_node_succ.cu.obj
E:\下载\bnaplatform-win64-cuda-20140905\BNAPlatform-win64-cuda-20140905\BNAPlatform-win64-cuda-20140625\src\BC\CUBC\CUBC\x64\Release\cl.command.1.tlog
E:\下载\bnaplatform-win64-cuda-20140905\BNAPlatform-win64-cuda-20140905\BNAPlatform-win64-cuda-20140625\src\BC\CUBC\CUBC\x64\Release\CL.read.1.tlog
E:\下载\bnaplatform-win64-cuda-20140905\BNAPlatform-win64-cuda-20140905\BNAPlatform-win64-cuda-20140625\src\BC\CUBC\CUBC\x64\Release\CL.write.1.tlog
E:\下载\bnaplatform-win64-cuda-20140905\BNAPlatform-win64-cuda-20140905\BNAPlatform-win64-cuda-20140625\src\BC\CUBC\CUBC\x64\Release\link-cvtres.read.1.tlog
E:\下载\bnaplatform-win64-cuda-20140905\BNAPlatform-win64-cuda-20140905\BNAPlatform-win64-cuda-20140625\src\BC\CUBC\CUBC\x64\Release\link-cvtres.write.1.tlog
E:\下载\bnaplatform-win64-cuda-20140905\BNAPlatform-win64-cuda-20140905\BNAPlatform-win64-cuda-20140625\src\BC\CUBC\CUBC\x64\Release\link-rc.read.1.tlog
E:\下载\bnaplatform-win64-cuda-20140905\BNAPlatform-win64-cuda-20140905\BNAPlatform-win64-cuda-20140625\src\BC\CUBC\CUBC\x64\Release\link-rc.write.1.tlog
E:\下载\bnaplatform-win64-cuda-20140905\BNAPlatform-win64-cuda-20140905\BNAPlatform-win64-cuda-20140625\src\BC\CUBC\CUBC\x64\Release\link.command.1.tlog
E:\下载\bnaplatform-win64-cuda-20140905\BNAPlatform-win64-cuda-20140905\BNAPlatform-win64-cuda-20140625\src\BC\CUBC\CUBC\x64\Release\link.read.1.tlog
E:\下载\bnaplatform-win64-cuda-20140905\BNAPlatform-win64-cuda-20140905\BNAPlatform-win64-cuda-20140625\src\BC\CUBC\CUBC\x64\Release\link.write.1.tlog
